ln: creating symbolic link `/lib/libcuda.so': Permission denied
2021-03-20 16:14:57.949655: I tensorflow/core/platform/cpu_feature_guard.cc:142] Your CPU supports instructions that this TensorFlow binary was not compiled to use: SSE4.1 SSE4.2 AVX AVX2 AVX512F FMA
2021-03-20 16:14:58.068820: I tensorflow/core/platform/profile_utils/cpu_utils.cc:94] CPU Frequency: 3000005000 Hz
2021-03-20 16:14:58.072880: I tensorflow/compiler/xla/service/service.cc:168] XLA service 0x55a859893f80 executing computations on platform Host. Devices:
2021-03-20 16:14:58.073270: I tensorflow/compiler/xla/service/service.cc:175]   StreamExecutor device (0): <undefined>, <undefined>
2021-03-20 16:14:58.090349: I tensorflow/stream_executor/platform/default/dso_loader.cc:42] Successfully opened dynamic library libcuda.so.1
2021-03-20 16:15:00.106490: I tensorflow/core/common_runtime/gpu/gpu_device.cc:1640] Found device 0 with properties: 
name: Tesla V100S-PCIE-32GB major: 7 minor: 0 memoryClockRate(GHz): 1.597
pciBusID: 0000:60:00.0
2021-03-20 16:15:00.108598: I tensorflow/core/common_runtime/gpu/gpu_device.cc:1640] Found device 1 with properties: 
name: Tesla V100S-PCIE-32GB major: 7 minor: 0 memoryClockRate(GHz): 1.597
pciBusID: 0000:da:00.0
2021-03-20 16:15:00.138291: I tensorflow/stream_executor/platform/default/dso_loader.cc:42] Successfully opened dynamic library libcudart.so.10.0
2021-03-20 16:15:00.467710: I tensorflow/stream_executor/platform/default/dso_loader.cc:42] Successfully opened dynamic library libcublas.so.10.0
2021-03-20 16:15:00.753216: I tensorflow/stream_executor/platform/default/dso_loader.cc:42] Successfully opened dynamic library libcufft.so.10.0
2021-03-20 16:15:00.828288: I tensorflow/stream_executor/platform/default/dso_loader.cc:42] Successfully opened dynamic library libcurand.so.10.0
2021-03-20 16:15:01.202081: I tensorflow/stream_executor/platform/default/dso_loader.cc:42] Successfully opened dynamic library libcusolver.so.10.0
2021-03-20 16:15:01.479419: I tensorflow/stream_executor/platform/default/dso_loader.cc:42] Successfully opened dynamic library libcusparse.so.10.0
2021-03-20 16:15:02.063485: I tensorflow/stream_executor/platform/default/dso_loader.cc:42] Successfully opened dynamic library libcudnn.so.7
2021-03-20 16:15:02.072928: I tensorflow/core/common_runtime/gpu/gpu_device.cc:1763] Adding visible gpu devices: 0, 1
2021-03-20 16:15:02.074435: I tensorflow/stream_executor/platform/default/dso_loader.cc:42] Successfully opened dynamic library libcudart.so.10.0
2021-03-20 16:15:02.079317: I tensorflow/core/common_runtime/gpu/gpu_device.cc:1181] Device interconnect StreamExecutor with strength 1 edge matrix:
2021-03-20 16:15:02.079378: I tensorflow/core/common_runtime/gpu/gpu_device.cc:1187]      0 1 
2021-03-20 16:15:02.080094: I tensorflow/core/common_runtime/gpu/gpu_device.cc:1200] 0:   N Y 
2021-03-20 16:15:02.080144: I tensorflow/core/common_runtime/gpu/gpu_device.cc:1200] 1:   Y N 
2021-03-20 16:15:02.091499: I tensorflow/core/common_runtime/gpu/gpu_device.cc:1326] Created TensorFlow device (/job:localhost/replica:0/task:0/device:GPU:0 with 30591 MB memory) -> physical GPU (device: 0, name: Tesla V100S-PCIE-32GB, pci bus id: 0000:60:00.0, compute capability: 7.0)
2021-03-20 16:15:02.170872: I tensorflow/core/common_runtime/gpu/gpu_device.cc:1326] Created TensorFlow device (/job:localhost/replica:0/task:0/device:GPU:1 with 30591 MB memory) -> physical GPU (device: 1, name: Tesla V100S-PCIE-32GB, pci bus id: 0000:da:00.0, compute capability: 7.0)
2021-03-20 16:15:02.186378: I tensorflow/compiler/xla/service/service.cc:168] XLA service 0x55a85ad9ab80 executing computations on platform CUDA. Devices:
2021-03-20 16:15:02.186413: I tensorflow/compiler/xla/service/service.cc:175]   StreamExecutor device (0): Tesla V100S-PCIE-32GB, Compute Capability 7.0
2021-03-20 16:15:02.186427: I tensorflow/compiler/xla/service/service.cc:175]   StreamExecutor device (1): Tesla V100S-PCIE-32GB, Compute Capability 7.0
2021-03-20 16:15:04.112063: I tensorflow/core/common_runtime/gpu/gpu_device.cc:1640] Found device 0 with properties: 
name: Tesla V100S-PCIE-32GB major: 7 minor: 0 memoryClockRate(GHz): 1.597
pciBusID: 0000:60:00.0
2021-03-20 16:15:04.114182: I tensorflow/core/common_runtime/gpu/gpu_device.cc:1640] Found device 1 with properties: 
name: Tesla V100S-PCIE-32GB major: 7 minor: 0 memoryClockRate(GHz): 1.597
pciBusID: 0000:da:00.0
2021-03-20 16:15:04.120665: I tensorflow/stream_executor/platform/default/dso_loader.cc:42] Successfully opened dynamic library libcudart.so.10.0
2021-03-20 16:15:04.121162: I tensorflow/stream_executor/platform/default/dso_loader.cc:42] Successfully opened dynamic library libcublas.so.10.0
2021-03-20 16:15:04.121572: I tensorflow/stream_executor/platform/default/dso_loader.cc:42] Successfully opened dynamic library libcufft.so.10.0
2021-03-20 16:15:04.121931: I tensorflow/stream_executor/platform/default/dso_loader.cc:42] Successfully opened dynamic library libcurand.so.10.0
2021-03-20 16:15:04.121988: I tensorflow/stream_executor/platform/default/dso_loader.cc:42] Successfully opened dynamic library libcusolver.so.10.0
2021-03-20 16:15:04.122264: I tensorflow/stream_executor/platform/default/dso_loader.cc:42] Successfully opened dynamic library libcusparse.so.10.0
2021-03-20 16:15:04.122599: I tensorflow/stream_executor/platform/default/dso_loader.cc:42] Successfully opened dynamic library libcudnn.so.7
2021-03-20 16:15:04.129053: I tensorflow/core/common_runtime/gpu/gpu_device.cc:1763] Adding visible gpu devices: 0, 1
2021-03-20 16:15:04.129310: I tensorflow/core/common_runtime/gpu/gpu_device.cc:1181] Device interconnect StreamExecutor with strength 1 edge matrix:
2021-03-20 16:15:04.129330: I tensorflow/core/common_runtime/gpu/gpu_device.cc:1187]      0 1 
2021-03-20 16:15:04.129364: I tensorflow/core/common_runtime/gpu/gpu_device.cc:1200] 0:   N Y 
2021-03-20 16:15:04.129376: I tensorflow/core/common_runtime/gpu/gpu_device.cc:1200] 1:   Y N 
2021-03-20 16:15:04.134368: I tensorflow/core/common_runtime/gpu/gpu_device.cc:1326] Created TensorFlow device (/job:localhost/replica:0/task:0/device:GPU:0 with 30591 MB memory) -> physical GPU (device: 0, name: Tesla V100S-PCIE-32GB, pci bus id: 0000:60:00.0, compute capability: 7.0)
2021-03-20 16:15:04.136068: I tensorflow/core/common_runtime/gpu/gpu_device.cc:1326] Created TensorFlow device (/job:localhost/replica:0/task:0/device:GPU:1 with 30591 MB memory) -> physical GPU (device: 1, name: Tesla V100S-PCIE-32GB, pci bus id: 0000:da:00.0, compute capability: 7.0)
2021-03-20 16:15:04.959858: I tensorflow/core/common_runtime/gpu/gpu_device.cc:1640] Found device 0 with properties: 
name: Tesla V100S-PCIE-32GB major: 7 minor: 0 memoryClockRate(GHz): 1.597
pciBusID: 0000:60:00.0
2021-03-20 16:15:04.961573: I tensorflow/core/common_runtime/gpu/gpu_device.cc:1640] Found device 1 with properties: 
name: Tesla V100S-PCIE-32GB major: 7 minor: 0 memoryClockRate(GHz): 1.597
pciBusID: 0000:da:00.0
2021-03-20 16:15:04.961721: I tensorflow/stream_executor/platform/default/dso_loader.cc:42] Successfully opened dynamic library libcudart.so.10.0
2021-03-20 16:15:04.961760: I tensorflow/stream_executor/platform/default/dso_loader.cc:42] Successfully opened dynamic library libcublas.so.10.0
2021-03-20 16:15:04.961786: I tensorflow/stream_executor/platform/default/dso_loader.cc:42] Successfully opened dynamic library libcufft.so.10.0
2021-03-20 16:15:04.961803: I tensorflow/stream_executor/platform/default/dso_loader.cc:42] Successfully opened dynamic library libcurand.so.10.0
2021-03-20 16:15:04.961829: I tensorflow/stream_executor/platform/default/dso_loader.cc:42] Successfully opened dynamic library libcusolver.so.10.0
2021-03-20 16:15:04.961849: I tensorflow/stream_executor/platform/default/dso_loader.cc:42] Successfully opened dynamic library libcusparse.so.10.0
2021-03-20 16:15:04.961881: I tensorflow/stream_executor/platform/default/dso_loader.cc:42] Successfully opened dynamic library libcudnn.so.7
2021-03-20 16:15:04.968512: I tensorflow/core/common_runtime/gpu/gpu_device.cc:1763] Adding visible gpu devices: 0, 1
2021-03-20 16:15:04.968635: I tensorflow/core/common_runtime/gpu/gpu_device.cc:1181] Device interconnect StreamExecutor with strength 1 edge matrix:
2021-03-20 16:15:04.968670: I tensorflow/core/common_runtime/gpu/gpu_device.cc:1187]      0 1 
2021-03-20 16:15:04.968701: I tensorflow/core/common_runtime/gpu/gpu_device.cc:1200] 0:   N Y 
2021-03-20 16:15:04.968716: I tensorflow/core/common_runtime/gpu/gpu_device.cc:1200] 1:   Y N 
2021-03-20 16:15:04.973733: I tensorflow/core/common_runtime/gpu/gpu_device.cc:1326] Created TensorFlow device (/device:GPU:0 with 30591 MB memory) -> physical GPU (device: 0, name: Tesla V100S-PCIE-32GB, pci bus id: 0000:60:00.0, compute capability: 7.0)
2021-03-20 16:15:04.975427: I tensorflow/core/common_runtime/gpu/gpu_device.cc:1326] Created TensorFlow device (/device:GPU:1 with 30591 MB memory) -> physical GPU (device: 1, name: Tesla V100S-PCIE-32GB, pci bus id: 0000:da:00.0, compute capability: 7.0)
2021-03-20 16:15:05.363987: I tensorflow/core/common_runtime/gpu/gpu_device.cc:1640] Found device 0 with properties: 
name: Tesla V100S-PCIE-32GB major: 7 minor: 0 memoryClockRate(GHz): 1.597
pciBusID: 0000:60:00.0
2021-03-20 16:15:05.365994: I tensorflow/core/common_runtime/gpu/gpu_device.cc:1640] Found device 1 with properties: 
name: Tesla V100S-PCIE-32GB major: 7 minor: 0 memoryClockRate(GHz): 1.597
pciBusID: 0000:da:00.0
2021-03-20 16:15:05.372276: I tensorflow/stream_executor/platform/default/dso_loader.cc:42] Successfully opened dynamic library libcudart.so.10.0
2021-03-20 16:15:05.372565: I tensorflow/stream_executor/platform/default/dso_loader.cc:42] Successfully opened dynamic library libcublas.so.10.0
2021-03-20 16:15:05.372830: I tensorflow/stream_executor/platform/default/dso_loader.cc:42] Successfully opened dynamic library libcufft.so.10.0
2021-03-20 16:15:05.373079: I tensorflow/stream_executor/platform/default/dso_loader.cc:42] Successfully opened dynamic library libcurand.so.10.0
2021-03-20 16:15:05.373108: I tensorflow/stream_executor/platform/default/dso_loader.cc:42] Successfully opened dynamic library libcusolver.so.10.0
2021-03-20 16:15:05.373355: I tensorflow/stream_executor/platform/default/dso_loader.cc:42] Successfully opened dynamic library libcusparse.so.10.0
2021-03-20 16:15:05.373611: I tensorflow/stream_executor/platform/default/dso_loader.cc:42] Successfully opened dynamic library libcudnn.so.7
2021-03-20 16:15:05.379965: I tensorflow/core/common_runtime/gpu/gpu_device.cc:1763] Adding visible gpu devices: 0, 1
2021-03-20 16:15:05.380120: I tensorflow/core/common_runtime/gpu/gpu_device.cc:1181] Device interconnect StreamExecutor with strength 1 edge matrix:
2021-03-20 16:15:05.380143: I tensorflow/core/common_runtime/gpu/gpu_device.cc:1187]      0 1 
2021-03-20 16:15:05.380157: I tensorflow/core/common_runtime/gpu/gpu_device.cc:1200] 0:   N Y 
2021-03-20 16:15:05.380168: I tensorflow/core/common_runtime/gpu/gpu_device.cc:1200] 1:   Y N 
2021-03-20 16:15:05.385023: I tensorflow/core/common_runtime/gpu/gpu_device.cc:1326] Created TensorFlow device (/device:GPU:0 with 30591 MB memory) -> physical GPU (device: 0, name: Tesla V100S-PCIE-32GB, pci bus id: 0000:60:00.0, compute capability: 7.0)
2021-03-20 16:15:05.386666: I tensorflow/core/common_runtime/gpu/gpu_device.cc:1326] Created TensorFlow device (/device:GPU:1 with 30591 MB memory) -> physical GPU (device: 1, name: Tesla V100S-PCIE-32GB, pci bus id: 0000:da:00.0, compute capability: 7.0)
2021-03-20 16:15:36.126839: W tensorflow/compiler/jit/mark_for_compilation_pass.cc:1412] (One-time warning): Not using XLA:CPU for cluster because envvar TF_XLA_FLAGS=--tf_xla_cpu_global_jit was not set.  If you want XLA:CPU, either set that envvar, or use experimental_jit_scope to enable XLA:CPU.  To confirm that XLA is active, pass --vmodule=xla_compilation_cache=1 (as a proper command-line flag, not via TF_XLA_FLAGS) or set the envvar XLA_FLAGS=--xla_hlo_profile.
2021-03-20 16:15:47.219080: I tensorflow/core/kernels/data/shuffle_dataset_op.cc:111] Filling up shuffle buffer (this may take a while): 2730 of 21846
2021-03-20 16:15:57.190992: I tensorflow/core/kernels/data/shuffle_dataset_op.cc:111] Filling up shuffle buffer (this may take a while): 7192 of 21846
2021-03-20 16:15:57.538178: I tensorflow/core/kernels/data/shuffle_dataset_op.cc:162] Shuffle buffer filled.
2021-03-20 16:16:05.198704: I tensorflow/stream_executor/platform/default/dso_loader.cc:42] Successfully opened dynamic library libcublas.so.10.0
2021-03-20 16:16:09.047223: I tensorflow/stream_executor/platform/default/dso_loader.cc:42] Successfully opened dynamic library libcudnn.so.7
2021-03-20 16:17:38.846266: I tensorflow/core/kernels/cuda_solvers.cc:159] Creating CudaSolver handles for stream 0x55a85ad1cad0
2021-03-20 16:17:38.864829: I tensorflow/stream_executor/platform/default/dso_loader.cc:42] Successfully opened dynamic library libcusolver.so.10.0
2021-03-20 16:17:44.369345: I tensorflow/stream_executor/platform/default/dso_loader.cc:42] Successfully opened dynamic library libcublas.so.10.0
2021-03-20 16:17:44.625920: I tensorflow/core/kernels/cuda_solvers.cc:159] Creating CudaSolver handles for stream 0x55a85ad23eb0
2021-03-20 16:17:48.182236: I tensorflow/core/kernels/data/shuffle_dataset_op.cc:111] Filling up shuffle buffer (this may take a while): 13 of 21846
2021-03-20 16:17:50.405289: I tensorflow/core/kernels/data/shuffle_dataset_op.cc:162] Shuffle buffer filled.
2021-03-20 16:18:40.809259: I tensorflow/core/common_runtime/gpu/gpu_device.cc:1640] Found device 0 with properties: 
name: Tesla V100S-PCIE-32GB major: 7 minor: 0 memoryClockRate(GHz): 1.597
pciBusID: 0000:60:00.0
2021-03-20 16:18:40.811152: I tensorflow/core/common_runtime/gpu/gpu_device.cc:1640] Found device 1 with properties: 
name: Tesla V100S-PCIE-32GB major: 7 minor: 0 memoryClockRate(GHz): 1.597
pciBusID: 0000:da:00.0
2021-03-20 16:18:40.818554: I tensorflow/stream_executor/platform/default/dso_loader.cc:42] Successfully opened dynamic library libcudart.so.10.0
2021-03-20 16:18:40.818864: I tensorflow/stream_executor/platform/default/dso_loader.cc:42] Successfully opened dynamic library libcublas.so.10.0
2021-03-20 16:18:40.819191: I tensorflow/stream_executor/platform/default/dso_loader.cc:42] Successfully opened dynamic library libcufft.so.10.0
2021-03-20 16:18:40.819451: I tensorflow/stream_executor/platform/default/dso_loader.cc:42] Successfully opened dynamic library libcurand.so.10.0
2021-03-20 16:18:40.819488: I tensorflow/stream_executor/platform/default/dso_loader.cc:42] Successfully opened dynamic library libcusolver.so.10.0
2021-03-20 16:18:40.819751: I tensorflow/stream_executor/platform/default/dso_loader.cc:42] Successfully opened dynamic library libcusparse.so.10.0
2021-03-20 16:18:40.820015: I tensorflow/stream_executor/platform/default/dso_loader.cc:42] Successfully opened dynamic library libcudnn.so.7
2021-03-20 16:18:40.824783: I tensorflow/core/common_runtime/gpu/gpu_device.cc:1763] Adding visible gpu devices: 0, 1
2021-03-20 16:18:40.825036: I tensorflow/core/common_runtime/gpu/gpu_device.cc:1181] Device interconnect StreamExecutor with strength 1 edge matrix:
2021-03-20 16:18:40.825066: I tensorflow/core/common_runtime/gpu/gpu_device.cc:1187]      0 1 
2021-03-20 16:18:40.825096: I tensorflow/core/common_runtime/gpu/gpu_device.cc:1200] 0:   N Y 
2021-03-20 16:18:40.825108: I tensorflow/core/common_runtime/gpu/gpu_device.cc:1200] 1:   Y N 
2021-03-20 16:18:40.828717: I tensorflow/core/common_runtime/gpu/gpu_device.cc:1326] Created TensorFlow device (/job:localhost/replica:0/task:0/device:GPU:0 with 30591 MB memory) -> physical GPU (device: 0, name: Tesla V100S-PCIE-32GB, pci bus id: 0000:60:00.0, compute capability: 7.0)
2021-03-20 16:18:40.830188: I tensorflow/core/common_runtime/gpu/gpu_device.cc:1326] Created TensorFlow device (/job:localhost/replica:0/task:0/device:GPU:1 with 30591 MB memory) -> physical GPU (device: 1, name: Tesla V100S-PCIE-32GB, pci bus id: 0000:da:00.0, compute capability: 7.0)
2021-03-20 17:01:53.532009: I tensorflow/core/common_runtime/gpu/gpu_device.cc:1640] Found device 0 with properties: 
name: Tesla V100S-PCIE-32GB major: 7 minor: 0 memoryClockRate(GHz): 1.597
pciBusID: 0000:60:00.0
2021-03-20 17:01:53.550712: I tensorflow/core/common_runtime/gpu/gpu_device.cc:1640] Found device 1 with properties: 
name: Tesla V100S-PCIE-32GB major: 7 minor: 0 memoryClockRate(GHz): 1.597
pciBusID: 0000:da:00.0
2021-03-20 17:01:53.559194: I tensorflow/stream_executor/platform/default/dso_loader.cc:42] Successfully opened dynamic library libcudart.so.10.0
2021-03-20 17:01:53.559502: I tensorflow/stream_executor/platform/default/dso_loader.cc:42] Successfully opened dynamic library libcublas.so.10.0
2021-03-20 17:01:53.559821: I tensorflow/stream_executor/platform/default/dso_loader.cc:42] Successfully opened dynamic library libcufft.so.10.0
2021-03-20 17:01:53.560092: I tensorflow/stream_executor/platform/default/dso_loader.cc:42] Successfully opened dynamic library libcurand.so.10.0
2021-03-20 17:01:53.560142: I tensorflow/stream_executor/platform/default/dso_loader.cc:42] Successfully opened dynamic library libcusolver.so.10.0
2021-03-20 17:01:53.560451: I tensorflow/stream_executor/platform/default/dso_loader.cc:42] Successfully opened dynamic library libcusparse.so.10.0
2021-03-20 17:01:53.560778: I tensorflow/stream_executor/platform/default/dso_loader.cc:42] Successfully opened dynamic library libcudnn.so.7
2021-03-20 17:01:53.565516: I tensorflow/core/common_runtime/gpu/gpu_device.cc:1763] Adding visible gpu devices: 0, 1
2021-03-20 17:01:53.565781: I tensorflow/core/common_runtime/gpu/gpu_device.cc:1181] Device interconnect StreamExecutor with strength 1 edge matrix:
2021-03-20 17:01:53.565812: I tensorflow/core/common_runtime/gpu/gpu_device.cc:1187]      0 1 
2021-03-20 17:01:53.565839: I tensorflow/core/common_runtime/gpu/gpu_device.cc:1200] 0:   N Y 
2021-03-20 17:01:53.565850: I tensorflow/core/common_runtime/gpu/gpu_device.cc:1200] 1:   Y N 
2021-03-20 17:01:53.569447: I tensorflow/core/common_runtime/gpu/gpu_device.cc:1326] Created TensorFlow device (/job:localhost/replica:0/task:0/device:GPU:0 with 30591 MB memory) -> physical GPU (device: 0, name: Tesla V100S-PCIE-32GB, pci bus id: 0000:60:00.0, compute capability: 7.0)
2021-03-20 17:01:53.570883: I tensorflow/core/common_runtime/gpu/gpu_device.cc:1326] Created TensorFlow device (/job:localhost/replica:0/task:0/device:GPU:1 with 30591 MB memory) -> physical GPU (device: 1, name: Tesla V100S-PCIE-32GB, pci bus id: 0000:da:00.0, compute capability: 7.0)
2021-03-20 17:21:09.209876: I tensorflow/core/kernels/data/shuffle_dataset_op.cc:111] Filling up shuffle buffer (this may take a while): 4094 of 21846
2021-03-20 17:21:18.082357: I tensorflow/core/kernels/data/shuffle_dataset_op.cc:162] Shuffle buffer filled.
2021-03-20 17:45:17.149682: I tensorflow/core/common_runtime/gpu/gpu_device.cc:1640] Found device 0 with properties: 
name: Tesla V100S-PCIE-32GB major: 7 minor: 0 memoryClockRate(GHz): 1.597
pciBusID: 0000:60:00.0
2021-03-20 17:45:17.151741: I tensorflow/core/common_runtime/gpu/gpu_device.cc:1640] Found device 1 with properties: 
name: Tesla V100S-PCIE-32GB major: 7 minor: 0 memoryClockRate(GHz): 1.597
pciBusID: 0000:da:00.0
2021-03-20 17:45:17.260333: I tensorflow/stream_executor/platform/default/dso_loader.cc:42] Successfully opened dynamic library libcudart.so.10.0
2021-03-20 17:45:17.260888: I tensorflow/stream_executor/platform/default/dso_loader.cc:42] Successfully opened dynamic library libcublas.so.10.0
2021-03-20 17:45:17.275984: I tensorflow/stream_executor/platform/default/dso_loader.cc:42] Successfully opened dynamic library libcufft.so.10.0
2021-03-20 17:45:17.276553: I tensorflow/stream_executor/platform/default/dso_loader.cc:42] Successfully opened dynamic library libcurand.so.10.0
2021-03-20 17:45:17.276624: I tensorflow/stream_executor/platform/default/dso_loader.cc:42] Successfully opened dynamic library libcusolver.so.10.0
2021-03-20 17:45:17.277194: I tensorflow/stream_executor/platform/default/dso_loader.cc:42] Successfully opened dynamic library libcusparse.so.10.0
2021-03-20 17:45:17.277771: I tensorflow/stream_executor/platform/default/dso_loader.cc:42] Successfully opened dynamic library libcudnn.so.7
2021-03-20 17:45:17.306196: I tensorflow/core/common_runtime/gpu/gpu_device.cc:1763] Adding visible gpu devices: 0, 1
2021-03-20 17:45:17.327324: I tensorflow/core/common_runtime/gpu/gpu_device.cc:1181] Device interconnect StreamExecutor with strength 1 edge matrix:
2021-03-20 17:45:17.327391: I tensorflow/core/common_runtime/gpu/gpu_device.cc:1187]      0 1 
2021-03-20 17:45:17.338010: I tensorflow/core/common_runtime/gpu/gpu_device.cc:1200] 0:   N Y 
2021-03-20 17:45:17.338026: I tensorflow/core/common_runtime/gpu/gpu_device.cc:1200] 1:   Y N 
2021-03-20 17:45:17.365717: I tensorflow/core/common_runtime/gpu/gpu_device.cc:1326] Created TensorFlow device (/job:localhost/replica:0/task:0/device:GPU:0 with 30591 MB memory) -> physical GPU (device: 0, name: Tesla V100S-PCIE-32GB, pci bus id: 0000:60:00.0, compute capability: 7.0)
2021-03-20 17:45:17.381693: I tensorflow/core/common_runtime/gpu/gpu_device.cc:1326] Created TensorFlow device (/job:localhost/replica:0/task:0/device:GPU:1 with 30591 MB memory) -> physical GPU (device: 1, name: Tesla V100S-PCIE-32GB, pci bus id: 0000:da:00.0, compute capability: 7.0)
2021-03-20 18:28:41.725996: I tensorflow/core/common_runtime/gpu/gpu_device.cc:1640] Found device 0 with properties: 
name: Tesla V100S-PCIE-32GB major: 7 minor: 0 memoryClockRate(GHz): 1.597
pciBusID: 0000:60:00.0
2021-03-20 18:28:41.727840: I tensorflow/core/common_runtime/gpu/gpu_device.cc:1640] Found device 1 with properties: 
name: Tesla V100S-PCIE-32GB major: 7 minor: 0 memoryClockRate(GHz): 1.597
pciBusID: 0000:da:00.0
2021-03-20 18:28:41.735544: I tensorflow/stream_executor/platform/default/dso_loader.cc:42] Successfully opened dynamic library libcudart.so.10.0
2021-03-20 18:28:41.735862: I tensorflow/stream_executor/platform/default/dso_loader.cc:42] Successfully opened dynamic library libcublas.so.10.0
2021-03-20 18:28:41.736160: I tensorflow/stream_executor/platform/default/dso_loader.cc:42] Successfully opened dynamic library libcufft.so.10.0
2021-03-20 18:28:41.736457: I tensorflow/stream_executor/platform/default/dso_loader.cc:42] Successfully opened dynamic library libcurand.so.10.0
2021-03-20 18:28:41.736482: I tensorflow/stream_executor/platform/default/dso_loader.cc:42] Successfully opened dynamic library libcusolver.so.10.0
2021-03-20 18:28:41.736749: I tensorflow/stream_executor/platform/default/dso_loader.cc:42] Successfully opened dynamic library libcusparse.so.10.0
2021-03-20 18:28:41.737134: I tensorflow/stream_executor/platform/default/dso_loader.cc:42] Successfully opened dynamic library libcudnn.so.7
2021-03-20 18:28:41.741893: I tensorflow/core/common_runtime/gpu/gpu_device.cc:1763] Adding visible gpu devices: 0, 1
2021-03-20 18:28:41.742149: I tensorflow/core/common_runtime/gpu/gpu_device.cc:1181] Device interconnect StreamExecutor with strength 1 edge matrix:
2021-03-20 18:28:41.742198: I tensorflow/core/common_runtime/gpu/gpu_device.cc:1187]      0 1 
2021-03-20 18:28:41.742227: I tensorflow/core/common_runtime/gpu/gpu_device.cc:1200] 0:   N Y 
2021-03-20 18:28:41.742247: I tensorflow/core/common_runtime/gpu/gpu_device.cc:1200] 1:   Y N 
2021-03-20 18:28:41.745859: I tensorflow/core/common_runtime/gpu/gpu_device.cc:1326] Created TensorFlow device (/job:localhost/replica:0/task:0/device:GPU:0 with 30591 MB memory) -> physical GPU (device: 0, name: Tesla V100S-PCIE-32GB, pci bus id: 0000:60:00.0, compute capability: 7.0)
2021-03-20 18:28:41.747295: I tensorflow/core/common_runtime/gpu/gpu_device.cc:1326] Created TensorFlow device (/job:localhost/replica:0/task:0/device:GPU:1 with 30591 MB memory) -> physical GPU (device: 1, name: Tesla V100S-PCIE-32GB, pci bus id: 0000:da:00.0, compute capability: 7.0)
2021-03-20 18:53:04.679288: I tensorflow/core/kernels/data/shuffle_dataset_op.cc:111] Filling up shuffle buffer (this may take a while): 4095 of 21846
2021-03-20 18:53:10.919746: I tensorflow/core/kernels/data/shuffle_dataset_op.cc:162] Shuffle buffer filled.
Traceback (most recent call last):
  File "/work/chaselab/malyetama/.conda/envs/ada-env/lib/python3.7/site-packages/tensorflow/python/client/session.py", line 1356, in _do_call
    return fn(*args)
  File "/work/chaselab/malyetama/.conda/envs/ada-env/lib/python3.7/site-packages/tensorflow/python/client/session.py", line 1341, in _run_fn
    options, feed_dict, fetch_list, target_list, run_metadata)
  File "/work/chaselab/malyetama/.conda/envs/ada-env/lib/python3.7/site-packages/tensorflow/python/client/session.py", line 1429, in _call_tf_sessionrun
    run_metadata)
tensorflow.python.framework.errors_impl.InvalidArgumentError: Assign requires shapes of both tensors to match. lhs shape= [16,3,256,256] rhs shape= [8,3,256,256]
	 [[{{node Train_gpu0/DataFetch/Assign}}]]

During handling of the above exception, another exception occurred:

Traceback (most recent call last):
  File "/work/chaselab/malyetama/ADA_Project/py_scripts/ADA-102flowers.py", line 89, in <module>
    dry_run=False, run_desc=run_desc, training_options=training_options)
  File "/work/chaselab/malyetama/ADA_Project/DeepFAMS/run_training.py", line 74, in RunTraining
    training_loop.training_loop(**training_options)
  File "/work/chaselab/malyetama/ADA_Project/StyleGAN2-ada__source_code/training/training_loop.py", line 248, in training_loop
    tflib.run([G_train_op, data_fetch_op])
  File "/work/chaselab/malyetama/ADA_Project/StyleGAN2-ada__source_code/dnnlib/tflib/tfutil.py", line 33, in run
    return tf.get_default_session().run(*args, **kwargs)
  File "/work/chaselab/malyetama/.conda/envs/ada-env/lib/python3.7/site-packages/tensorflow/python/client/session.py", line 950, in run
    run_metadata_ptr)
  File "/work/chaselab/malyetama/.conda/envs/ada-env/lib/python3.7/site-packages/tensorflow/python/client/session.py", line 1173, in _run
    feed_dict_tensor, options, run_metadata)
  File "/work/chaselab/malyetama/.conda/envs/ada-env/lib/python3.7/site-packages/tensorflow/python/client/session.py", line 1350, in _do_run
    run_metadata)
  File "/work/chaselab/malyetama/.conda/envs/ada-env/lib/python3.7/site-packages/tensorflow/python/client/session.py", line 1370, in _do_call
    raise type(e)(node_def, op, message)
tensorflow.python.framework.errors_impl.InvalidArgumentError: Assign requires shapes of both tensors to match. lhs shape= [16,3,256,256] rhs shape= [8,3,256,256]
	 [[node Train_gpu0/DataFetch/Assign (defined at /ADA_Project/StyleGAN2-ada__source_code/training/training_loop.py:183) ]]

Errors may have originated from an input operation.
Input Source operations connected to node Train_gpu0/DataFetch/Assign:
 Train_gpu0/DataFetch/images (defined at /ADA_Project/StyleGAN2-ada__source_code/training/training_loop.py:179)	
 Train_gpu0/DataFetch/add (defined at /ADA_Project/StyleGAN2-ada__source_code/dnnlib/tflib/tfutil.py:247)

Original stack trace for 'Train_gpu0/DataFetch/Assign':
  File "/ADA_Project/py_scripts/ADA-102flowers.py", line 89, in <module>
    dry_run=False, run_desc=run_desc, training_options=training_options)
  File "/ADA_Project/DeepFAMS/run_training.py", line 74, in RunTraining
    training_loop.training_loop(**training_options)
  File "/ADA_Project/StyleGAN2-ada__source_code/training/training_loop.py", line 183, in training_loop
    data_fetch_ops += [tf.assign(real_images_var, real_images_write)]
  File "/.conda/envs/ada-env/lib/python3.7/site-packages/tensorflow/python/ops/state_ops.py", line 227, in assign
    validate_shape=validate_shape)
  File "/.conda/envs/ada-env/lib/python3.7/site-packages/tensorflow/python/ops/gen_state_ops.py", line 66, in assign
    use_locking=use_locking, name=name)
  File "/.conda/envs/ada-env/lib/python3.7/site-packages/tensorflow/python/framework/op_def_library.py", line 788, in _apply_op_helper
    op_def=op_def)
  File "/.conda/envs/ada-env/lib/python3.7/site-packages/tensorflow/python/util/deprecation.py", line 507, in new_func
    return func(*args, **kwargs)
  File "/.conda/envs/ada-env/lib/python3.7/site-packages/tensorflow/python/framework/ops.py", line 3616, in create_op
    op_def=op_def)
  File "/.conda/envs/ada-env/lib/python3.7/site-packages/tensorflow/python/framework/ops.py", line 2005, in __init__
    self._traceback = tf_stack.extract_stack()

