ln: creating symbolic link `/lib/libcuda.so': Permission denied
2021-03-21 01:11:51.916454: I tensorflow/core/platform/cpu_feature_guard.cc:142] Your CPU supports instructions that this TensorFlow binary was not compiled to use: SSE4.1 SSE4.2 AVX AVX2 AVX512F FMA
2021-03-21 01:11:52.119233: I tensorflow/core/platform/profile_utils/cpu_utils.cc:94] CPU Frequency: 2500005000 Hz
2021-03-21 01:11:52.125287: I tensorflow/compiler/xla/service/service.cc:168] XLA service 0x5638486286e0 executing computations on platform Host. Devices:
2021-03-21 01:11:52.125845: I tensorflow/compiler/xla/service/service.cc:175]   StreamExecutor device (0): <undefined>, <undefined>
2021-03-21 01:11:52.187295: I tensorflow/stream_executor/platform/default/dso_loader.cc:42] Successfully opened dynamic library libcuda.so.1
2021-03-21 01:11:52.638930: I tensorflow/core/common_runtime/gpu/gpu_device.cc:1640] Found device 0 with properties: 
name: Tesla V100-PCIE-32GB major: 7 minor: 0 memoryClockRate(GHz): 1.38
pciBusID: 0000:5e:00.0
2021-03-21 01:11:52.640943: I tensorflow/core/common_runtime/gpu/gpu_device.cc:1640] Found device 1 with properties: 
name: Tesla V100-PCIE-32GB major: 7 minor: 0 memoryClockRate(GHz): 1.38
pciBusID: 0000:d8:00.0
2021-03-21 01:11:52.689867: I tensorflow/stream_executor/platform/default/dso_loader.cc:42] Successfully opened dynamic library libcudart.so.10.0
2021-03-21 01:11:56.066796: I tensorflow/stream_executor/platform/default/dso_loader.cc:42] Successfully opened dynamic library libcublas.so.10.0
2021-03-21 01:11:58.268302: I tensorflow/stream_executor/platform/default/dso_loader.cc:42] Successfully opened dynamic library libcufft.so.10.0
2021-03-21 01:11:58.358000: I tensorflow/stream_executor/platform/default/dso_loader.cc:42] Successfully opened dynamic library libcurand.so.10.0
2021-03-21 01:11:58.805872: I tensorflow/stream_executor/platform/default/dso_loader.cc:42] Successfully opened dynamic library libcusolver.so.10.0
2021-03-21 01:12:01.620642: I tensorflow/stream_executor/platform/default/dso_loader.cc:42] Successfully opened dynamic library libcusparse.so.10.0
2021-03-21 01:12:06.885994: I tensorflow/stream_executor/platform/default/dso_loader.cc:42] Successfully opened dynamic library libcudnn.so.7
2021-03-21 01:12:06.924603: I tensorflow/core/common_runtime/gpu/gpu_device.cc:1763] Adding visible gpu devices: 0, 1
2021-03-21 01:12:06.940177: I tensorflow/stream_executor/platform/default/dso_loader.cc:42] Successfully opened dynamic library libcudart.so.10.0
2021-03-21 01:12:06.948615: I tensorflow/core/common_runtime/gpu/gpu_device.cc:1181] Device interconnect StreamExecutor with strength 1 edge matrix:
2021-03-21 01:12:06.948686: I tensorflow/core/common_runtime/gpu/gpu_device.cc:1187]      0 1 
2021-03-21 01:12:06.964956: I tensorflow/core/common_runtime/gpu/gpu_device.cc:1200] 0:   N Y 
2021-03-21 01:12:06.964980: I tensorflow/core/common_runtime/gpu/gpu_device.cc:1200] 1:   Y N 
2021-03-21 01:12:06.992181: I tensorflow/core/common_runtime/gpu/gpu_device.cc:1326] Created TensorFlow device (/job:localhost/replica:0/task:0/device:GPU:0 with 30591 MB memory) -> physical GPU (device: 0, name: Tesla V100-PCIE-32GB, pci bus id: 0000:5e:00.0, compute capability: 7.0)
2021-03-21 01:12:07.095432: I tensorflow/core/common_runtime/gpu/gpu_device.cc:1326] Created TensorFlow device (/job:localhost/replica:0/task:0/device:GPU:1 with 30591 MB memory) -> physical GPU (device: 1, name: Tesla V100-PCIE-32GB, pci bus id: 0000:d8:00.0, compute capability: 7.0)
2021-03-21 01:12:07.103704: I tensorflow/compiler/xla/service/service.cc:168] XLA service 0x563849b2f260 executing computations on platform CUDA. Devices:
2021-03-21 01:12:07.103742: I tensorflow/compiler/xla/service/service.cc:175]   StreamExecutor device (0): Tesla V100-PCIE-32GB, Compute Capability 7.0
2021-03-21 01:12:07.103757: I tensorflow/compiler/xla/service/service.cc:175]   StreamExecutor device (1): Tesla V100-PCIE-32GB, Compute Capability 7.0
2021-03-21 01:12:09.562535: I tensorflow/core/common_runtime/gpu/gpu_device.cc:1640] Found device 0 with properties: 
name: Tesla V100-PCIE-32GB major: 7 minor: 0 memoryClockRate(GHz): 1.38
pciBusID: 0000:5e:00.0
2021-03-21 01:12:09.564823: I tensorflow/core/common_runtime/gpu/gpu_device.cc:1640] Found device 1 with properties: 
name: Tesla V100-PCIE-32GB major: 7 minor: 0 memoryClockRate(GHz): 1.38
pciBusID: 0000:d8:00.0
2021-03-21 01:12:09.571134: I tensorflow/stream_executor/platform/default/dso_loader.cc:42] Successfully opened dynamic library libcudart.so.10.0
2021-03-21 01:12:09.571430: I tensorflow/stream_executor/platform/default/dso_loader.cc:42] Successfully opened dynamic library libcublas.so.10.0
2021-03-21 01:12:09.571722: I tensorflow/stream_executor/platform/default/dso_loader.cc:42] Successfully opened dynamic library libcufft.so.10.0
2021-03-21 01:12:09.571991: I tensorflow/stream_executor/platform/default/dso_loader.cc:42] Successfully opened dynamic library libcurand.so.10.0
2021-03-21 01:12:09.572025: I tensorflow/stream_executor/platform/default/dso_loader.cc:42] Successfully opened dynamic library libcusolver.so.10.0
2021-03-21 01:12:09.572287: I tensorflow/stream_executor/platform/default/dso_loader.cc:42] Successfully opened dynamic library libcusparse.so.10.0
2021-03-21 01:12:09.572617: I tensorflow/stream_executor/platform/default/dso_loader.cc:42] Successfully opened dynamic library libcudnn.so.7
2021-03-21 01:12:09.580187: I tensorflow/core/common_runtime/gpu/gpu_device.cc:1763] Adding visible gpu devices: 0, 1
2021-03-21 01:12:09.580489: I tensorflow/core/common_runtime/gpu/gpu_device.cc:1181] Device interconnect StreamExecutor with strength 1 edge matrix:
2021-03-21 01:12:09.580525: I tensorflow/core/common_runtime/gpu/gpu_device.cc:1187]      0 1 
2021-03-21 01:12:09.580560: I tensorflow/core/common_runtime/gpu/gpu_device.cc:1200] 0:   N Y 
2021-03-21 01:12:09.580580: I tensorflow/core/common_runtime/gpu/gpu_device.cc:1200] 1:   Y N 
2021-03-21 01:12:09.586425: I tensorflow/core/common_runtime/gpu/gpu_device.cc:1326] Created TensorFlow device (/job:localhost/replica:0/task:0/device:GPU:0 with 30591 MB memory) -> physical GPU (device: 0, name: Tesla V100-PCIE-32GB, pci bus id: 0000:5e:00.0, compute capability: 7.0)
2021-03-21 01:12:09.588422: I tensorflow/core/common_runtime/gpu/gpu_device.cc:1326] Created TensorFlow device (/job:localhost/replica:0/task:0/device:GPU:1 with 30591 MB memory) -> physical GPU (device: 1, name: Tesla V100-PCIE-32GB, pci bus id: 0000:d8:00.0, compute capability: 7.0)
2021-03-21 01:12:10.238713: I tensorflow/core/common_runtime/gpu/gpu_device.cc:1640] Found device 0 with properties: 
name: Tesla V100-PCIE-32GB major: 7 minor: 0 memoryClockRate(GHz): 1.38
pciBusID: 0000:5e:00.0
2021-03-21 01:12:10.240706: I tensorflow/core/common_runtime/gpu/gpu_device.cc:1640] Found device 1 with properties: 
name: Tesla V100-PCIE-32GB major: 7 minor: 0 memoryClockRate(GHz): 1.38
pciBusID: 0000:d8:00.0
2021-03-21 01:12:10.240784: I tensorflow/stream_executor/platform/default/dso_loader.cc:42] Successfully opened dynamic library libcudart.so.10.0
2021-03-21 01:12:10.240809: I tensorflow/stream_executor/platform/default/dso_loader.cc:42] Successfully opened dynamic library libcublas.so.10.0
2021-03-21 01:12:10.240830: I tensorflow/stream_executor/platform/default/dso_loader.cc:42] Successfully opened dynamic library libcufft.so.10.0
2021-03-21 01:12:10.240850: I tensorflow/stream_executor/platform/default/dso_loader.cc:42] Successfully opened dynamic library libcurand.so.10.0
2021-03-21 01:12:10.240880: I tensorflow/stream_executor/platform/default/dso_loader.cc:42] Successfully opened dynamic library libcusolver.so.10.0
2021-03-21 01:12:10.240903: I tensorflow/stream_executor/platform/default/dso_loader.cc:42] Successfully opened dynamic library libcusparse.so.10.0
2021-03-21 01:12:10.240924: I tensorflow/stream_executor/platform/default/dso_loader.cc:42] Successfully opened dynamic library libcudnn.so.7
2021-03-21 01:12:10.248483: I tensorflow/core/common_runtime/gpu/gpu_device.cc:1763] Adding visible gpu devices: 0, 1
2021-03-21 01:12:10.248545: I tensorflow/core/common_runtime/gpu/gpu_device.cc:1181] Device interconnect StreamExecutor with strength 1 edge matrix:
2021-03-21 01:12:10.248575: I tensorflow/core/common_runtime/gpu/gpu_device.cc:1187]      0 1 
2021-03-21 01:12:10.248590: I tensorflow/core/common_runtime/gpu/gpu_device.cc:1200] 0:   N Y 
2021-03-21 01:12:10.248612: I tensorflow/core/common_runtime/gpu/gpu_device.cc:1200] 1:   Y N 
2021-03-21 01:12:10.254295: I tensorflow/core/common_runtime/gpu/gpu_device.cc:1326] Created TensorFlow device (/device:GPU:0 with 30591 MB memory) -> physical GPU (device: 0, name: Tesla V100-PCIE-32GB, pci bus id: 0000:5e:00.0, compute capability: 7.0)
2021-03-21 01:12:10.256216: I tensorflow/core/common_runtime/gpu/gpu_device.cc:1326] Created TensorFlow device (/device:GPU:1 with 30591 MB memory) -> physical GPU (device: 1, name: Tesla V100-PCIE-32GB, pci bus id: 0000:d8:00.0, compute capability: 7.0)
2021-03-21 01:12:10.732132: I tensorflow/core/common_runtime/gpu/gpu_device.cc:1640] Found device 0 with properties: 
name: Tesla V100-PCIE-32GB major: 7 minor: 0 memoryClockRate(GHz): 1.38
pciBusID: 0000:5e:00.0
2021-03-21 01:12:10.734387: I tensorflow/core/common_runtime/gpu/gpu_device.cc:1640] Found device 1 with properties: 
name: Tesla V100-PCIE-32GB major: 7 minor: 0 memoryClockRate(GHz): 1.38
pciBusID: 0000:d8:00.0
2021-03-21 01:12:10.740240: I tensorflow/stream_executor/platform/default/dso_loader.cc:42] Successfully opened dynamic library libcudart.so.10.0
2021-03-21 01:12:10.740536: I tensorflow/stream_executor/platform/default/dso_loader.cc:42] Successfully opened dynamic library libcublas.so.10.0
2021-03-21 01:12:10.740835: I tensorflow/stream_executor/platform/default/dso_loader.cc:42] Successfully opened dynamic library libcufft.so.10.0
2021-03-21 01:12:10.741081: I tensorflow/stream_executor/platform/default/dso_loader.cc:42] Successfully opened dynamic library libcurand.so.10.0
2021-03-21 01:12:10.741106: I tensorflow/stream_executor/platform/default/dso_loader.cc:42] Successfully opened dynamic library libcusolver.so.10.0
2021-03-21 01:12:10.741390: I tensorflow/stream_executor/platform/default/dso_loader.cc:42] Successfully opened dynamic library libcusparse.so.10.0
2021-03-21 01:12:10.741679: I tensorflow/stream_executor/platform/default/dso_loader.cc:42] Successfully opened dynamic library libcudnn.so.7
2021-03-21 01:12:10.749168: I tensorflow/core/common_runtime/gpu/gpu_device.cc:1763] Adding visible gpu devices: 0, 1
2021-03-21 01:12:10.749438: I tensorflow/core/common_runtime/gpu/gpu_device.cc:1181] Device interconnect StreamExecutor with strength 1 edge matrix:
2021-03-21 01:12:10.749459: I tensorflow/core/common_runtime/gpu/gpu_device.cc:1187]      0 1 
2021-03-21 01:12:10.749493: I tensorflow/core/common_runtime/gpu/gpu_device.cc:1200] 0:   N Y 
2021-03-21 01:12:10.749513: I tensorflow/core/common_runtime/gpu/gpu_device.cc:1200] 1:   Y N 
2021-03-21 01:12:10.755318: I tensorflow/core/common_runtime/gpu/gpu_device.cc:1326] Created TensorFlow device (/device:GPU:0 with 30591 MB memory) -> physical GPU (device: 0, name: Tesla V100-PCIE-32GB, pci bus id: 0000:5e:00.0, compute capability: 7.0)
2021-03-21 01:12:10.757296: I tensorflow/core/common_runtime/gpu/gpu_device.cc:1326] Created TensorFlow device (/device:GPU:1 with 30591 MB memory) -> physical GPU (device: 1, name: Tesla V100-PCIE-32GB, pci bus id: 0000:d8:00.0, compute capability: 7.0)
2021-03-21 01:12:26.755469: W tensorflow/compiler/jit/mark_for_compilation_pass.cc:1412] (One-time warning): Not using XLA:CPU for cluster because envvar TF_XLA_FLAGS=--tf_xla_cpu_global_jit was not set.  If you want XLA:CPU, either set that envvar, or use experimental_jit_scope to enable XLA:CPU.  To confirm that XLA is active, pass --vmodule=xla_compilation_cache=1 (as a proper command-line flag, not via TF_XLA_FLAGS) or set the envvar XLA_FLAGS=--xla_hlo_profile.
2021-03-21 01:12:38.985331: I tensorflow/core/kernels/data/shuffle_dataset_op.cc:111] Filling up shuffle buffer (this may take a while): 5460 of 21846
2021-03-21 01:12:41.775517: I tensorflow/core/kernels/data/shuffle_dataset_op.cc:162] Shuffle buffer filled.
2021-03-21 01:12:50.677134: I tensorflow/stream_executor/platform/default/dso_loader.cc:42] Successfully opened dynamic library libcublas.so.10.0
2021-03-21 01:12:55.761393: I tensorflow/stream_executor/platform/default/dso_loader.cc:42] Successfully opened dynamic library libcudnn.so.7
2021-03-21 01:14:46.182779: I tensorflow/core/kernels/cuda_solvers.cc:159] Creating CudaSolver handles for stream 0x563849ab11b0
2021-03-21 01:14:46.208008: I tensorflow/stream_executor/platform/default/dso_loader.cc:42] Successfully opened dynamic library libcusolver.so.10.0
2021-03-21 01:14:51.946491: I tensorflow/stream_executor/platform/default/dso_loader.cc:42] Successfully opened dynamic library libcublas.so.10.0
2021-03-21 01:14:52.048926: I tensorflow/core/kernels/cuda_solvers.cc:159] Creating CudaSolver handles for stream 0x563849ab8590
2021-03-21 01:14:55.149654: I tensorflow/core/kernels/data/shuffle_dataset_op.cc:111] Filling up shuffle buffer (this may take a while): 13 of 21846
2021-03-21 01:14:57.366094: I tensorflow/core/kernels/data/shuffle_dataset_op.cc:162] Shuffle buffer filled.
2021-03-21 01:15:54.677660: I tensorflow/core/common_runtime/gpu/gpu_device.cc:1640] Found device 0 with properties: 
name: Tesla V100-PCIE-32GB major: 7 minor: 0 memoryClockRate(GHz): 1.38
pciBusID: 0000:5e:00.0
2021-03-21 01:15:54.679650: I tensorflow/core/common_runtime/gpu/gpu_device.cc:1640] Found device 1 with properties: 
name: Tesla V100-PCIE-32GB major: 7 minor: 0 memoryClockRate(GHz): 1.38
pciBusID: 0000:d8:00.0
2021-03-21 01:15:54.687887: I tensorflow/stream_executor/platform/default/dso_loader.cc:42] Successfully opened dynamic library libcudart.so.10.0
2021-03-21 01:15:54.688252: I tensorflow/stream_executor/platform/default/dso_loader.cc:42] Successfully opened dynamic library libcublas.so.10.0
2021-03-21 01:15:54.688700: I tensorflow/stream_executor/platform/default/dso_loader.cc:42] Successfully opened dynamic library libcufft.so.10.0
2021-03-21 01:15:54.688974: I tensorflow/stream_executor/platform/default/dso_loader.cc:42] Successfully opened dynamic library libcurand.so.10.0
2021-03-21 01:15:54.689007: I tensorflow/stream_executor/platform/default/dso_loader.cc:42] Successfully opened dynamic library libcusolver.so.10.0
2021-03-21 01:15:54.689285: I tensorflow/stream_executor/platform/default/dso_loader.cc:42] Successfully opened dynamic library libcusparse.so.10.0
2021-03-21 01:15:54.689583: I tensorflow/stream_executor/platform/default/dso_loader.cc:42] Successfully opened dynamic library libcudnn.so.7
2021-03-21 01:15:54.695603: I tensorflow/core/common_runtime/gpu/gpu_device.cc:1763] Adding visible gpu devices: 0, 1
2021-03-21 01:15:54.695880: I tensorflow/core/common_runtime/gpu/gpu_device.cc:1181] Device interconnect StreamExecutor with strength 1 edge matrix:
2021-03-21 01:15:54.695910: I tensorflow/core/common_runtime/gpu/gpu_device.cc:1187]      0 1 
2021-03-21 01:15:54.695939: I tensorflow/core/common_runtime/gpu/gpu_device.cc:1200] 0:   N Y 
2021-03-21 01:15:54.695962: I tensorflow/core/common_runtime/gpu/gpu_device.cc:1200] 1:   Y N 
2021-03-21 01:15:54.700646: I tensorflow/core/common_runtime/gpu/gpu_device.cc:1326] Created TensorFlow device (/job:localhost/replica:0/task:0/device:GPU:0 with 30591 MB memory) -> physical GPU (device: 0, name: Tesla V100-PCIE-32GB, pci bus id: 0000:5e:00.0, compute capability: 7.0)
2021-03-21 01:15:54.702246: I tensorflow/core/common_runtime/gpu/gpu_device.cc:1326] Created TensorFlow device (/job:localhost/replica:0/task:0/device:GPU:1 with 30591 MB memory) -> physical GPU (device: 1, name: Tesla V100-PCIE-32GB, pci bus id: 0000:d8:00.0, compute capability: 7.0)
2021-03-21 02:04:01.599997: I tensorflow/core/common_runtime/gpu/gpu_device.cc:1640] Found device 0 with properties: 
name: Tesla V100-PCIE-32GB major: 7 minor: 0 memoryClockRate(GHz): 1.38
pciBusID: 0000:5e:00.0
2021-03-21 02:04:01.622995: I tensorflow/core/common_runtime/gpu/gpu_device.cc:1640] Found device 1 with properties: 
name: Tesla V100-PCIE-32GB major: 7 minor: 0 memoryClockRate(GHz): 1.38
pciBusID: 0000:d8:00.0
2021-03-21 02:04:01.632811: I tensorflow/stream_executor/platform/default/dso_loader.cc:42] Successfully opened dynamic library libcudart.so.10.0
2021-03-21 02:04:01.633240: I tensorflow/stream_executor/platform/default/dso_loader.cc:42] Successfully opened dynamic library libcublas.so.10.0
2021-03-21 02:04:01.633602: I tensorflow/stream_executor/platform/default/dso_loader.cc:42] Successfully opened dynamic library libcufft.so.10.0
2021-03-21 02:04:01.633955: I tensorflow/stream_executor/platform/default/dso_loader.cc:42] Successfully opened dynamic library libcurand.so.10.0
2021-03-21 02:04:01.633981: I tensorflow/stream_executor/platform/default/dso_loader.cc:42] Successfully opened dynamic library libcusolver.so.10.0
2021-03-21 02:04:01.634332: I tensorflow/stream_executor/platform/default/dso_loader.cc:42] Successfully opened dynamic library libcusparse.so.10.0
2021-03-21 02:04:01.634670: I tensorflow/stream_executor/platform/default/dso_loader.cc:42] Successfully opened dynamic library libcudnn.so.7
2021-03-21 02:04:01.640643: I tensorflow/core/common_runtime/gpu/gpu_device.cc:1763] Adding visible gpu devices: 0, 1
2021-03-21 02:04:01.640926: I tensorflow/core/common_runtime/gpu/gpu_device.cc:1181] Device interconnect StreamExecutor with strength 1 edge matrix:
2021-03-21 02:04:01.640954: I tensorflow/core/common_runtime/gpu/gpu_device.cc:1187]      0 1 
2021-03-21 02:04:01.640993: I tensorflow/core/common_runtime/gpu/gpu_device.cc:1200] 0:   N Y 
2021-03-21 02:04:01.641009: I tensorflow/core/common_runtime/gpu/gpu_device.cc:1200] 1:   Y N 
2021-03-21 02:04:01.645701: I tensorflow/core/common_runtime/gpu/gpu_device.cc:1326] Created TensorFlow device (/job:localhost/replica:0/task:0/device:GPU:0 with 30591 MB memory) -> physical GPU (device: 0, name: Tesla V100-PCIE-32GB, pci bus id: 0000:5e:00.0, compute capability: 7.0)
2021-03-21 02:04:01.647300: I tensorflow/core/common_runtime/gpu/gpu_device.cc:1326] Created TensorFlow device (/job:localhost/replica:0/task:0/device:GPU:1 with 30591 MB memory) -> physical GPU (device: 1, name: Tesla V100-PCIE-32GB, pci bus id: 0000:d8:00.0, compute capability: 7.0)
Traceback (most recent call last):
  File "/work/chaselab/malyetama/.conda/envs/ada-env/lib/python3.7/site-packages/tensorflow/python/client/session.py", line 1356, in _do_call
    return fn(*args)
  File "/work/chaselab/malyetama/.conda/envs/ada-env/lib/python3.7/site-packages/tensorflow/python/client/session.py", line 1341, in _run_fn
    options, feed_dict, fetch_list, target_list, run_metadata)
  File "/work/chaselab/malyetama/.conda/envs/ada-env/lib/python3.7/site-packages/tensorflow/python/client/session.py", line 1429, in _call_tf_sessionrun
    run_metadata)
tensorflow.python.framework.errors_impl.OutOfRangeError: 2 root error(s) found.
  (0) Out of range: End of sequence
	 [[{{node Train_gpu0/DataFetch/IteratorGetNext}}]]
  (1) Out of range: End of sequence
	 [[{{node Train_gpu0/DataFetch/IteratorGetNext}}]]
	 [[TrainG/TrainingOp/NoOp_1/_6472]]
0 successful operations.
1 derived errors ignored.

During handling of the above exception, another exception occurred:

Traceback (most recent call last):
  File "/work/chaselab/malyetama/ADA_Project/py_scripts/ADA-102flowers.py", line 89, in <module>
    dry_run=False, run_desc=run_desc, training_options=training_options)
  File "/work/chaselab/malyetama/ADA_Project/DeepFAMS/run_training.py", line 74, in RunTraining
    training_loop.training_loop(**training_options)
  File "/work/chaselab/malyetama/ADA_Project/StyleGAN2-ada__source_code/training/training_loop.py", line 248, in training_loop
    tflib.run([G_train_op, data_fetch_op])
  File "/work/chaselab/malyetama/ADA_Project/StyleGAN2-ada__source_code/dnnlib/tflib/tfutil.py", line 33, in run
    return tf.get_default_session().run(*args, **kwargs)
  File "/work/chaselab/malyetama/.conda/envs/ada-env/lib/python3.7/site-packages/tensorflow/python/client/session.py", line 950, in run
    run_metadata_ptr)
  File "/work/chaselab/malyetama/.conda/envs/ada-env/lib/python3.7/site-packages/tensorflow/python/client/session.py", line 1173, in _run
    feed_dict_tensor, options, run_metadata)
  File "/work/chaselab/malyetama/.conda/envs/ada-env/lib/python3.7/site-packages/tensorflow/python/client/session.py", line 1350, in _do_run
    run_metadata)
  File "/work/chaselab/malyetama/.conda/envs/ada-env/lib/python3.7/site-packages/tensorflow/python/client/session.py", line 1370, in _do_call
    raise type(e)(node_def, op, message)
tensorflow.python.framework.errors_impl.OutOfRangeError: 2 root error(s) found.
  (0) Out of range: End of sequence
	 [[node Train_gpu0/DataFetch/IteratorGetNext (defined at /ADA_Project/StyleGAN2-ada__source_code/training/dataset.py:150) ]]
  (1) Out of range: End of sequence
	 [[node Train_gpu0/DataFetch/IteratorGetNext (defined at /ADA_Project/StyleGAN2-ada__source_code/training/dataset.py:150) ]]
	 [[TrainG/TrainingOp/NoOp_1/_6472]]
0 successful operations.
1 derived errors ignored.

Errors may have originated from an input operation.
Input Source operations connected to node Train_gpu0/DataFetch/IteratorGetNext:
 Dataset/IteratorV2 (defined at /ADA_Project/StyleGAN2-ada__source_code/training/dataset.py:133)

Input Source operations connected to node Train_gpu0/DataFetch/IteratorGetNext:
 Dataset/IteratorV2 (defined at /ADA_Project/StyleGAN2-ada__source_code/training/dataset.py:133)

Original stack trace for 'Train_gpu0/DataFetch/IteratorGetNext':
  File "/ADA_Project/py_scripts/ADA-102flowers.py", line 89, in <module>
    dry_run=False, run_desc=run_desc, training_options=training_options)
  File "/ADA_Project/DeepFAMS/run_training.py", line 74, in RunTraining
    training_loop.training_loop(**training_options)
  File "/ADA_Project/StyleGAN2-ada__source_code/training/training_loop.py", line 181, in training_loop
    real_images_write, real_labels_write = training_set.get_minibatch_tf()
  File "/ADA_Project/StyleGAN2-ada__source_code/training/dataset.py", line 150, in get_minibatch_tf
    images, labels = self._tf_iterator.get_next()
  File "/.conda/envs/ada-env/lib/python3.7/site-packages/tensorflow/python/data/ops/iterator_ops.py", line 426, in get_next
    output_shapes=self._structure._flat_shapes, name=name)
  File "/.conda/envs/ada-env/lib/python3.7/site-packages/tensorflow/python/ops/gen_dataset_ops.py", line 1947, in iterator_get_next
    output_shapes=output_shapes, name=name)
  File "/.conda/envs/ada-env/lib/python3.7/site-packages/tensorflow/python/framework/op_def_library.py", line 788, in _apply_op_helper
    op_def=op_def)
  File "/.conda/envs/ada-env/lib/python3.7/site-packages/tensorflow/python/util/deprecation.py", line 507, in new_func
    return func(*args, **kwargs)
  File "/.conda/envs/ada-env/lib/python3.7/site-packages/tensorflow/python/framework/ops.py", line 3616, in create_op
    op_def=op_def)
  File "/.conda/envs/ada-env/lib/python3.7/site-packages/tensorflow/python/framework/ops.py", line 2005, in __init__
    self._traceback = tf_stack.extract_stack()

